\BOOKMARK [-1][-]{part.1}{I Documentation}{}% 1
\BOOKMARK [0][-]{chapter.1}{Introduction}{part.1}% 2
\BOOKMARK [0][-]{chapter.2}{Actors and requirements}{part.1}% 3
\BOOKMARK [1][-]{section.2.1}{Actors}{chapter.2}% 4
\BOOKMARK [1][-]{section.2.2}{Requirements}{chapter.2}% 5
\BOOKMARK [2][-]{subsection.2.2.1}{Functional requirements}{section.2.2}% 6
\BOOKMARK [2][-]{subsection.2.2.2}{Non-functional requirements}{section.2.2}% 7
\BOOKMARK [0][-]{chapter.3}{UML diagrams}{part.1}% 8
\BOOKMARK [1][-]{section.3.1}{Use Case diagram}{chapter.3}% 9
\BOOKMARK [1][-]{section.3.2}{Class diagram}{chapter.3}% 10
\BOOKMARK [0][-]{chapter.4}{Database}{part.1}% 11
\BOOKMARK [1][-]{section.4.1}{Dataset}{chapter.4}% 12
\BOOKMARK [2][-]{subsection.4.1.1}{NasdaqTrader}{section.4.1}% 13
\BOOKMARK [2][-]{subsection.4.1.2}{Yahoo! Finance}{section.4.1}% 14
\BOOKMARK [1][-]{section.4.2}{MongoDB}{chapter.4}% 15
\BOOKMARK [2][-]{subsection.4.2.1}{Aggregations}{section.4.2}% 16
\BOOKMARK [2][-]{subsection.4.2.2}{Indexes}{section.4.2}% 17
\BOOKMARK [1][-]{section.4.3}{Apache Cassandra}{chapter.4}% 18
\BOOKMARK [2][-]{subsection.4.3.1}{Indexes}{section.4.3}% 19
\BOOKMARK [1][-]{section.4.4}{Sharding and Replicas}{chapter.4}% 20
\BOOKMARK [1][-]{section.4.5}{Apache Cassandra vs MongoDB}{chapter.4}% 21
\BOOKMARK [2][-]{subsection.4.5.1}{Aggregations}{section.4.5}% 22
\BOOKMARK [0][-]{chapter.5}{Software architecture}{part.1}% 23
\BOOKMARK [1][-]{section.5.1}{Maven Multi-Module Structure}{chapter.5}% 24
\BOOKMARK [2][-]{subsection.5.1.1}{Client}{section.5.1}% 25
\BOOKMARK [2][-]{subsection.5.1.2}{Server}{section.5.1}% 26
\BOOKMARK [2][-]{subsection.5.1.3}{Library}{section.5.1}% 27
\BOOKMARK [1][-]{section.5.2}{Apache Maven Assembly Plugin}{chapter.5}% 28
\BOOKMARK [0][-]{chapter.6}{Conclusions}{part.1}% 29
\BOOKMARK [0][-]{chapter.7}{Appendices}{part.1}% 30
\BOOKMARK [-1][-]{part.2}{II User Manual}{}% 31
\BOOKMARK [0][-]{chapter.8}{StockSim Server Manual}{part.2}% 32
\BOOKMARK [0][-]{chapter.9}{StockSim Client Manual}{part.2}% 33
\BOOKMARK [1][-]{section.9.1}{StockSim Client User Mode}{chapter.9}% 34
\BOOKMARK [2][-]{subsection.9.1.1}{Search stock}{section.9.1}% 35
\BOOKMARK [2][-]{subsection.9.1.2}{View stock}{section.9.1}% 36
\BOOKMARK [2][-]{subsection.9.1.3}{Create portfolio}{section.9.1}% 37
\BOOKMARK [2][-]{subsection.9.1.4}{List portfolios}{section.9.1}% 38
\BOOKMARK [2][-]{subsection.9.1.5}{View portfolio}{section.9.1}% 39
\BOOKMARK [2][-]{subsection.9.1.6}{Simulate portfolio}{section.9.1}% 40
\BOOKMARK [2][-]{subsection.9.1.7}{Delete portfolio}{section.9.1}% 41
\BOOKMARK [1][-]{section.9.2}{StockSim Client Admin Mode}{chapter.9}% 42
\BOOKMARK [2][-]{subsection.9.2.1}{Add ticker}{section.9.2}% 43
\BOOKMARK [2][-]{subsection.9.2.2}{Add admin}{section.9.2}% 44
\BOOKMARK [2][-]{subsection.9.2.3}{Remove admin}{section.9.2}% 45
\BOOKMARK [2][-]{subsection.9.2.4}{Remove user}{section.9.2}% 46
